{"$message_type":"diagnostic","message":"not all trait items implemented, missing: `version`, `description`, `priority`, `enabled`","code":{"code":"E0046","explanation":"Items are missing in a trait implementation.\n\nErroneous code example:\n\n```compile_fail,E0046\ntrait Foo {\n    fn foo();\n}\n\nstruct Bar;\n\nimpl Foo for Bar {}\n// error: not all trait items implemented, missing: `foo`\n```\n\nWhen trying to make some type implement a trait `Foo`, you must, at minimum,\nprovide implementations for all of `Foo`'s required methods (meaning the\nmethods that do not have default implementations), as well as any required\ntrait items like associated types or constants. Example:\n\n```\ntrait Foo {\n    fn foo();\n}\n\nstruct Bar;\n\nimpl Foo for Bar {\n    fn foo() {} // ok!\n}\n```\n"},"level":"error","spans":[{"file_name":"tests/core_traits_test.rs","byte_start":2190,"byte_end":2229,"line_start":74,"line_end":74,"column_start":1,"column_end":40,"is_primary":true,"text":[{"text":"impl DetectionProvider for MockProvider {","highlight_start":1,"highlight_end":40}],"label":"missing `version`, `description`, `priority`, `enabled` in implementation","suggested_replacement":null,"suggestion_applicability":null,"expansion":null}],"children":[{"message":"implement the missing item: `fn version(&self) -> &str { todo!() }`","code":null,"level":"help","spans":[{"file_name":"tests/core_traits_test.rs","byte_start":2510,"byte_end":2510,"line_start":82,"line_end":82,"column_start":1,"column_end":1,"is_primary":true,"text":[{"text":"} ","highlight_start":1,"highlight_end":1}],"label":null,"suggested_replacement":"fn version(&self) -> &str { todo!() }\n","suggestion_applicability":"HasPlaceholders","expansion":null}],"children":[],"rendered":null},{"message":"implement the missing item: `fn description(&self) -> Option<String> { todo!() }`","code":null,"level":"help","spans":[{"file_name":"tests/core_traits_test.rs","byte_start":2510,"byte_end":2510,"line_start":82,"line_end":82,"column_start":1,"column_end":1,"is_primary":true,"text":[{"text":"} ","highlight_start":1,"highlight_end":1}],"label":null,"suggested_replacement":"fn description(&self) -> Option<String> { todo!() }\n","suggestion_applicability":"HasPlaceholders","expansion":null}],"children":[],"rendered":null},{"message":"implement the missing item: `fn priority(&self) -> u32 { todo!() }`","code":null,"level":"help","spans":[{"file_name":"tests/core_traits_test.rs","byte_start":2510,"byte_end":2510,"line_start":82,"line_end":82,"column_start":1,"column_end":1,"is_primary":true,"text":[{"text":"} ","highlight_start":1,"highlight_end":1}],"label":null,"suggested_replacement":"fn priority(&self) -> u32 { todo!() }\n","suggestion_applicability":"HasPlaceholders","expansion":null}],"children":[],"rendered":null},{"message":"implement the missing item: `fn enabled(&self) -> bool { todo!() }`","code":null,"level":"help","spans":[{"file_name":"tests/core_traits_test.rs","byte_start":2510,"byte_end":2510,"line_start":82,"line_end":82,"column_start":1,"column_end":1,"is_primary":true,"text":[{"text":"} ","highlight_start":1,"highlight_end":1}],"label":null,"suggested_replacement":"fn enabled(&self) -> bool { todo!() }\n","suggestion_applicability":"HasPlaceholders","expansion":null}],"children":[],"rendered":null}],"rendered":"\u001b[0m\u001b[1m\u001b[38;5;9merror[E0046]\u001b[0m\u001b[0m\u001b[1m: not all trait items implemented, missing: `version`, `description`, `priority`, `enabled`\u001b[0m\n\u001b[0m  \u001b[0m\u001b[0m\u001b[1m\u001b[38;5;12m--> \u001b[0m\u001b[0mtests/core_traits_test.rs:74:1\u001b[0m\n\u001b[0m   \u001b[0m\u001b[0m\u001b[1m\u001b[38;5;12m|\u001b[0m\n\u001b[0m\u001b[1m\u001b[38;5;12m74\u001b[0m\u001b[0m \u001b[0m\u001b[0m\u001b[1m\u001b[38;5;12m|\u001b[0m\u001b[0m \u001b[0m\u001b[0mimpl DetectionProvider for MockProvider {\u001b[0m\n\u001b[0m   \u001b[0m\u001b[0m\u001b[1m\u001b[38;5;12m|\u001b[0m\u001b[0m \u001b[0m\u001b[0m\u001b[1m\u001b[38;5;9m^^^^^^^^^^^^^^^^^^^^^^^^^^^^^^^^^^^^^^^\u001b[0m\u001b[0m \u001b[0m\u001b[0m\u001b[1m\u001b[38;5;9mmissing `version`, `description`, `priority`, `enabled` in implementation\u001b[0m\n\u001b[0m   \u001b[0m\u001b[0m\u001b[1m\u001b[38;5;12m|\u001b[0m\n\u001b[0m   \u001b[0m\u001b[0m\u001b[1m\u001b[38;5;12m= \u001b[0m\u001b[0m\u001b[1mhelp\u001b[0m\u001b[0m: \u001b[0m\u001b[0mimplement the missing item: `fn version(&self) -> &str { todo!() }`\u001b[0m\n\u001b[0m   \u001b[0m\u001b[0m\u001b[1m\u001b[38;5;12m= \u001b[0m\u001b[0m\u001b[1mhelp\u001b[0m\u001b[0m: \u001b[0m\u001b[0mimplement the missing item: `fn description(&self) -> Option<String> { todo!() }`\u001b[0m\n\u001b[0m   \u001b[0m\u001b[0m\u001b[1m\u001b[38;5;12m= \u001b[0m\u001b[0m\u001b[1mhelp\u001b[0m\u001b[0m: \u001b[0m\u001b[0mimplement the missing item: `fn priority(&self) -> u32 { todo!() }`\u001b[0m\n\u001b[0m   \u001b[0m\u001b[0m\u001b[1m\u001b[38;5;12m= \u001b[0m\u001b[0m\u001b[1mhelp\u001b[0m\u001b[0m: \u001b[0m\u001b[0mimplement the missing item: `fn enabled(&self) -> bool { todo!() }`\u001b[0m\n\n"}
{"$message_type":"diagnostic","message":"no function or associated item named `default` found for struct `waf_detector::DetectionContext` in the current scope","code":{"code":"E0599","explanation":"This error occurs when a method is used on a type which doesn't implement it:\n\nErroneous code example:\n\n```compile_fail,E0599\nstruct Mouth;\n\nlet x = Mouth;\nx.chocolate(); // error: no method named `chocolate` found for type `Mouth`\n               //        in the current scope\n```\n\nIn this case, you need to implement the `chocolate` method to fix the error:\n\n```\nstruct Mouth;\n\nimpl Mouth {\n    fn chocolate(&self) { // We implement the `chocolate` method here.\n        println!(\"Hmmm! I love chocolate!\");\n    }\n}\n\nlet x = Mouth;\nx.chocolate(); // ok!\n```\n"},"level":"error","spans":[{"file_name":"tests/core_traits_test.rs","byte_start":223,"byte_end":230,"line_start":7,"line_end":7,"column_start":37,"column_end":44,"is_primary":true,"text":[{"text":"    let context = DetectionContext::default();","highlight_start":37,"highlight_end":44}],"label":"function or associated item not found in `DetectionContext`","suggested_replacement":null,"suggestion_applicability":null,"expansion":null}],"children":[],"rendered":"\u001b[0m\u001b[1m\u001b[38;5;9merror[E0599]\u001b[0m\u001b[0m\u001b[1m: no function or associated item named `default` found for struct `waf_detector::DetectionContext` in the current scope\u001b[0m\n\u001b[0m \u001b[0m\u001b[0m\u001b[1m\u001b[38;5;12m--> \u001b[0m\u001b[0mtests/core_traits_test.rs:7:37\u001b[0m\n\u001b[0m  \u001b[0m\u001b[0m\u001b[1m\u001b[38;5;12m|\u001b[0m\n\u001b[0m\u001b[1m\u001b[38;5;12m7\u001b[0m\u001b[0m \u001b[0m\u001b[0m\u001b[1m\u001b[38;5;12m|\u001b[0m\u001b[0m \u001b[0m\u001b[0m    let context = DetectionContext::default();\u001b[0m\n\u001b[0m  \u001b[0m\u001b[0m\u001b[1m\u001b[38;5;12m|\u001b[0m\u001b[0m                                     \u001b[0m\u001b[0m\u001b[1m\u001b[38;5;9m^^^^^^^\u001b[0m\u001b[0m \u001b[0m\u001b[0m\u001b[1m\u001b[38;5;9mfunction or associated item not found in `DetectionContext`\u001b[0m\n\n"}
{"$message_type":"diagnostic","message":"mismatched types","code":{"code":"E0308","explanation":"Expected type did not match the received type.\n\nErroneous code examples:\n\n```compile_fail,E0308\nfn plus_one(x: i32) -> i32 {\n    x + 1\n}\n\nplus_one(\"Not a number\");\n//       ^^^^^^^^^^^^^^ expected `i32`, found `&str`\n\nif \"Not a bool\" {\n// ^^^^^^^^^^^^ expected `bool`, found `&str`\n}\n\nlet x: f32 = \"Not a float\";\n//     ---   ^^^^^^^^^^^^^ expected `f32`, found `&str`\n//     |\n//     expected due to this\n```\n\nThis error occurs when an expression was used in a place where the compiler\nexpected an expression of a different type. It can occur in several cases, the\nmost common being when calling a function and passing an argument which has a\ndifferent type than the matching type in the function declaration.\n"},"level":"error","spans":[{"file_name":"tests/core_traits_test.rs","byte_start":758,"byte_end":783,"line_start":23,"line_end":23,"column_start":19,"column_end":44,"is_primary":true,"text":[{"text":"        raw_data: Some(\"nginx\".to_string()),","highlight_start":19,"highlight_end":44}],"label":"expected `String`, found `Option<String>`","suggested_replacement":null,"suggestion_applicability":null,"expansion":null}],"children":[{"message":"expected struct `String`\n     found enum `Option<String>`","code":null,"level":"note","spans":[],"children":[],"rendered":null}],"rendered":"\u001b[0m\u001b[1m\u001b[38;5;9merror[E0308]\u001b[0m\u001b[0m\u001b[1m: mismatched types\u001b[0m\n\u001b[0m  \u001b[0m\u001b[0m\u001b[1m\u001b[38;5;12m--> \u001b[0m\u001b[0mtests/core_traits_test.rs:23:19\u001b[0m\n\u001b[0m   \u001b[0m\u001b[0m\u001b[1m\u001b[38;5;12m|\u001b[0m\n\u001b[0m\u001b[1m\u001b[38;5;12m23\u001b[0m\u001b[0m \u001b[0m\u001b[0m\u001b[1m\u001b[38;5;12m|\u001b[0m\u001b[0m \u001b[0m\u001b[0m        raw_data: Some(\"nginx\".to_string()),\u001b[0m\n\u001b[0m   \u001b[0m\u001b[0m\u001b[1m\u001b[38;5;12m|\u001b[0m\u001b[0m                   \u001b[0m\u001b[0m\u001b[1m\u001b[38;5;9m^^^^^^^^^^^^^^^^^^^^^^^^^\u001b[0m\u001b[0m \u001b[0m\u001b[0m\u001b[1m\u001b[38;5;9mexpected `String`, found `Option<String>`\u001b[0m\n\u001b[0m   \u001b[0m\u001b[0m\u001b[1m\u001b[38;5;12m|\u001b[0m\n\u001b[0m   \u001b[0m\u001b[0m\u001b[1m\u001b[38;5;12m= \u001b[0m\u001b[0m\u001b[1mnote\u001b[0m\u001b[0m: expected struct `String`\u001b[0m\n\u001b[0m                found enum `\u001b[0m\u001b[0m\u001b[1m\u001b[35mOption<\u001b[0m\u001b[0mString\u001b[0m\u001b[0m\u001b[1m\u001b[35m>\u001b[0m\u001b[0m`\u001b[0m\n\n"}
{"$message_type":"diagnostic","message":"can't compare `String` with `Option<String>`","code":{"code":"E0277","explanation":"You tried to use a type which doesn't implement some trait in a place which\nexpected that trait.\n\nErroneous code example:\n\n```compile_fail,E0277\n// here we declare the Foo trait with a bar method\ntrait Foo {\n    fn bar(&self);\n}\n\n// we now declare a function which takes an object implementing the Foo trait\nfn some_func<T: Foo>(foo: T) {\n    foo.bar();\n}\n\nfn main() {\n    // we now call the method with the i32 type, which doesn't implement\n    // the Foo trait\n    some_func(5i32); // error: the trait bound `i32 : Foo` is not satisfied\n}\n```\n\nIn order to fix this error, verify that the type you're using does implement\nthe trait. Example:\n\n```\ntrait Foo {\n    fn bar(&self);\n}\n\n// we implement the trait on the i32 type\nimpl Foo for i32 {\n    fn bar(&self) {}\n}\n\nfn some_func<T: Foo>(foo: T) {\n    foo.bar(); // we can now use this method since i32 implements the\n               // Foo trait\n}\n\nfn main() {\n    some_func(5i32); // ok!\n}\n```\n\nOr in a generic context, an erroneous code example would look like:\n\n```compile_fail,E0277\nfn some_func<T>(foo: T) {\n    println!(\"{:?}\", foo); // error: the trait `core::fmt::Debug` is not\n                           //        implemented for the type `T`\n}\n\nfn main() {\n    // We now call the method with the i32 type,\n    // which *does* implement the Debug trait.\n    some_func(5i32);\n}\n```\n\nNote that the error here is in the definition of the generic function. Although\nwe only call it with a parameter that does implement `Debug`, the compiler\nstill rejects the function. It must work with all possible input types. In\norder to make this example compile, we need to restrict the generic type we're\naccepting:\n\n```\nuse std::fmt;\n\n// Restrict the input type to types that implement Debug.\nfn some_func<T: fmt::Debug>(foo: T) {\n    println!(\"{:?}\", foo);\n}\n\nfn main() {\n    // Calling the method is still fine, as i32 implements Debug.\n    some_func(5i32);\n\n    // This would fail to compile now:\n    // struct WithoutDebug;\n    // some_func(WithoutDebug);\n}\n```\n\nRust only looks at the signature of the called function, as such it must\nalready specify all requirements that will be used for every type parameter.\n"},"level":"error","spans":[{"file_name":"/Users/ammar/.rustup/toolchains/stable-aarch64-apple-darwin/lib/rustlib/src/rust/library/core/src/macros/mod.rs","byte_start":1464,"byte_end":1466,"line_start":46,"line_end":46,"column_start":32,"column_end":34,"is_primary":true,"text":[{"text":"                if !(*left_val == *right_val) {","highlight_start":32,"highlight_end":34}],"label":"no implementation for `String == Option<String>`","suggested_replacement":null,"suggestion_applicability":null,"expansion":{"span":{"file_name":"tests/core_traits_test.rs","byte_start":955,"byte_end":1011,"line_start":29,"line_end":29,"column_start":5,"column_end":61,"is_primary":false,"text":[{"text":"    assert_eq!(evidence.raw_data, Some(\"nginx\".to_string()));","highlight_start":5,"highlight_end":61}],"label":null,"suggested_replacement":null,"suggestion_applicability":null,"expansion":null},"macro_decl_name":"assert_eq!","def_site_span":{"file_name":"/Users/ammar/.rustup/toolchains/stable-aarch64-apple-darwin/lib/rustlib/src/rust/library/core/src/macros/mod.rs","byte_start":1294,"byte_end":1316,"line_start":42,"line_end":42,"column_start":1,"column_end":23,"is_primary":false,"text":[{"text":"macro_rules! assert_eq {","highlight_start":1,"highlight_end":23}],"label":null,"suggested_replacement":null,"suggestion_applicability":null,"expansion":null}}}],"children":[{"message":"the trait `PartialEq<Option<String>>` is not implemented for `String`","code":null,"level":"help","spans":[],"children":[],"rendered":null},{"message":"the following other types implement trait `PartialEq<Rhs>`:\n  `String` implements `PartialEq<&str>`\n  `String` implements `PartialEq<ByteStr>`\n  `String` implements `PartialEq<ByteString>`\n  `String` implements `PartialEq<Cow<'_, str>>`\n  `String` implements `PartialEq<bytes::bytes::Bytes>`\n  `String` implements `PartialEq<bytes::bytes_mut::BytesMut>`\n  `String` implements `PartialEq<clap_builder::builder::os_str::OsStr>`\n  `String` implements `PartialEq<clap_builder::builder::str::Str>`\nand 13 others","code":null,"level":"help","spans":[],"children":[],"rendered":null}],"rendered":"\u001b[0m\u001b[1m\u001b[38;5;9merror[E0277]\u001b[0m\u001b[0m\u001b[1m: can't compare `String` with `Option<String>`\u001b[0m\n\u001b[0m  \u001b[0m\u001b[0m\u001b[1m\u001b[38;5;12m--> \u001b[0m\u001b[0mtests/core_traits_test.rs:29:5\u001b[0m\n\u001b[0m   \u001b[0m\u001b[0m\u001b[1m\u001b[38;5;12m|\u001b[0m\n\u001b[0m\u001b[1m\u001b[38;5;12m29\u001b[0m\u001b[0m \u001b[0m\u001b[0m\u001b[1m\u001b[38;5;12m|\u001b[0m\u001b[0m \u001b[0m\u001b[0m    assert_eq!(evidence.raw_data, Some(\"nginx\".to_string()));\u001b[0m\n\u001b[0m   \u001b[0m\u001b[0m\u001b[1m\u001b[38;5;12m|\u001b[0m\u001b[0m     \u001b[0m\u001b[0m\u001b[1m\u001b[38;5;9m^^^^^^^^^^^^^^^^^^^^^^^^^^^^^^^^^^^^^^^^^^^^^^^^^^^^^^^^\u001b[0m\u001b[0m \u001b[0m\u001b[0m\u001b[1m\u001b[38;5;9mno implementation for `String == Option<String>`\u001b[0m\n\u001b[0m   \u001b[0m\u001b[0m\u001b[1m\u001b[38;5;12m|\u001b[0m\n\u001b[0m   \u001b[0m\u001b[0m\u001b[1m\u001b[38;5;12m= \u001b[0m\u001b[0m\u001b[1mhelp\u001b[0m\u001b[0m: the trait `PartialEq<Option<String>>` is not implemented for `String`\u001b[0m\n\u001b[0m   \u001b[0m\u001b[0m\u001b[1m\u001b[38;5;12m= \u001b[0m\u001b[0m\u001b[1mhelp\u001b[0m\u001b[0m: the following other types implement trait `PartialEq<Rhs>`:\u001b[0m\n\u001b[0m             `String` implements `PartialEq<&str>`\u001b[0m\n\u001b[0m             `String` implements `PartialEq<ByteStr>`\u001b[0m\n\u001b[0m             `String` implements `PartialEq<ByteString>`\u001b[0m\n\u001b[0m             `String` implements `PartialEq<Cow<'_, str>>`\u001b[0m\n\u001b[0m             `String` implements `PartialEq<bytes::bytes::Bytes>`\u001b[0m\n\u001b[0m             `String` implements `PartialEq<bytes::bytes_mut::BytesMut>`\u001b[0m\n\u001b[0m             `String` implements `PartialEq<clap_builder::builder::os_str::OsStr>`\u001b[0m\n\u001b[0m             `String` implements `PartialEq<clap_builder::builder::str::Str>`\u001b[0m\n\u001b[0m           and 13 others\u001b[0m\n\u001b[0m   \u001b[0m\u001b[0m\u001b[1m\u001b[38;5;12m= \u001b[0m\u001b[0m\u001b[1mnote\u001b[0m\u001b[0m: this error originates in the macro `assert_eq` (in Nightly builds, run with -Z macro-backtrace for more info)\u001b[0m\n\n"}
{"$message_type":"diagnostic","message":"no variant or associated item named `BodyPattern` found for enum `waf_detector::DetectionMethod` in the current scope","code":{"code":"E0599","explanation":"This error occurs when a method is used on a type which doesn't implement it:\n\nErroneous code example:\n\n```compile_fail,E0599\nstruct Mouth;\n\nlet x = Mouth;\nx.chocolate(); // error: no method named `chocolate` found for type `Mouth`\n               //        in the current scope\n```\n\nIn this case, you need to implement the `chocolate` method to fix the error:\n\n```\nstruct Mouth;\n\nimpl Mouth {\n    fn chocolate(&self) { // We implement the `chocolate` method here.\n        println!(\"Hmmm! I love chocolate!\");\n    }\n}\n\nlet x = Mouth;\nx.chocolate(); // ok!\n```\n"},"level":"error","spans":[{"file_name":"tests/core_traits_test.rs","byte_start":1614,"byte_end":1625,"line_start":48,"line_end":48,"column_start":40,"column_end":51,"is_primary":true,"text":[{"text":"    let body_method = DetectionMethod::BodyPattern;","highlight_start":40,"highlight_end":51}],"label":"variant or associated item not found in `DetectionMethod`","suggested_replacement":null,"suggestion_applicability":null,"expansion":null}],"children":[],"rendered":"\u001b[0m\u001b[1m\u001b[38;5;9merror[E0599]\u001b[0m\u001b[0m\u001b[1m: no variant or associated item named `BodyPattern` found for enum `waf_detector::DetectionMethod` in the current scope\u001b[0m\n\u001b[0m  \u001b[0m\u001b[0m\u001b[1m\u001b[38;5;12m--> \u001b[0m\u001b[0mtests/core_traits_test.rs:48:40\u001b[0m\n\u001b[0m   \u001b[0m\u001b[0m\u001b[1m\u001b[38;5;12m|\u001b[0m\n\u001b[0m\u001b[1m\u001b[38;5;12m48\u001b[0m\u001b[0m \u001b[0m\u001b[0m\u001b[1m\u001b[38;5;12m|\u001b[0m\u001b[0m \u001b[0m\u001b[0m    let body_method = DetectionMethod::BodyPattern;\u001b[0m\n\u001b[0m   \u001b[0m\u001b[0m\u001b[1m\u001b[38;5;12m|\u001b[0m\u001b[0m                                        \u001b[0m\u001b[0m\u001b[1m\u001b[38;5;9m^^^^^^^^^^^\u001b[0m\u001b[0m \u001b[0m\u001b[0m\u001b[1m\u001b[38;5;9mvariant or associated item not found in `DetectionMethod`\u001b[0m\n\n"}
{"$message_type":"diagnostic","message":"aborting due to 5 previous errors","code":null,"level":"error","spans":[],"children":[],"rendered":"\u001b[0m\u001b[1m\u001b[38;5;9merror\u001b[0m\u001b[0m\u001b[1m: aborting due to 5 previous errors\u001b[0m\n\n"}
{"$message_type":"diagnostic","message":"Some errors have detailed explanations: E0046, E0277, E0308, E0599.","code":null,"level":"failure-note","spans":[],"children":[],"rendered":"\u001b[0m\u001b[1mSome errors have detailed explanations: E0046, E0277, E0308, E0599.\u001b[0m\n"}
{"$message_type":"diagnostic","message":"For more information about an error, try `rustc --explain E0046`.","code":null,"level":"failure-note","spans":[],"children":[],"rendered":"\u001b[0m\u001b[1mFor more information about an error, try `rustc --explain E0046`.\u001b[0m\n"}
